<?xml version="1.0" encoding="UTF-8"?>
<testng-results ignored="0" total="1" passed="1" failed="0" skipped="0">
  <reporter-output>
  </reporter-output>
  <suite started-at="2023-05-27T20:52:49 IST" name="Default suite" finished-at="2023-05-27T20:53:10 IST" duration-ms="21041">
    <groups>
    </groups>
    <test started-at="2023-05-27T20:52:49 IST" name="Default test" finished-at="2023-05-27T20:53:10 IST" duration-ms="21041">
      <class name="amazon_login_title_verify.First_">
        <test-method is-config="true" signature="setup()[pri:0, instance:amazon_login_title_verify.First_@1b1426f4]" started-at="2023-05-27T20:52:49 IST" name="setup" finished-at="2023-05-27T20:53:03 IST" duration-ms="14518" status="PASS">
          <reporter-output>
          </reporter-output>
        </test-method> <!-- setup -->
        <test-method signature="verifytitle()[pri:0, instance:amazon_login_title_verify.First_@1b1426f4]" started-at="2023-05-27T20:53:03 IST" name="verifytitle" finished-at="2023-05-27T20:53:08 IST" duration-ms="5399" status="PASS">
          <reporter-output>
          </reporter-output>
        </test-method> <!-- verifytitle -->
        <test-method is-config="true" signature="teardown()[pri:0, instance:amazon_login_title_verify.First_@1b1426f4]" started-at="2023-05-27T20:53:08 IST" name="teardown" finished-at="2023-05-27T20:53:10 IST" duration-ms="1074" status="PASS">
          <reporter-output>
          </reporter-output>
        </test-method> <!-- teardown -->
      </class> <!-- amazon_login_title_verify.First_ -->
    </test> <!-- Default test -->
  </suite> <!-- Default suite -->
</testng-results>
